<?xml version="1.0" encoding="UTF-8"?>
<testsuite xmlns:xsi="http://www.w3.org/2001/XMLSchema-instance" xsi:noNamespaceSchemaLocation="https://maven.apache.org/surefire/maven-surefire-plugin/xsd/surefire-test-report.xsd" name="com.gioviok.AppTest" time="0.07" tests="23" errors="0" skipped="0" failures="0">
  <properties>
[...]
</properties>
  <testcase name="testElevatorLogicSim" classname="com.gioviok.AppTest" time="0.006"/>
  <testcase name="testElevatorLogicMethods" classname="com.gioviok.AppTest" time="0"/>
  <testcase name="testAlreadyAddedAdders" classname="com.gioviok.AppTest" time="0"/>
  <testcase name="testKey" classname="com.gioviok.AppTest" time="0.001"/>
  <testcase name="testElevatorDisembark" classname="com.gioviok.AppTest" time="0.001"/>
  <testcase name="testPersonClone" classname="com.gioviok.AppTest" time="0"/>
  <testcase name="testDefaultCaseGettersAndSetters" classname="com.gioviok.AppTest" time="0"/>
  <testcase name="testPersonGettersAndSetters" classname="com.gioviok.AppTest" time="0.001"/>
  <testcase name="testElevatorSetters" classname="com.gioviok.AppTest" time="0"/>
  <testcase name="testElevatorRun" classname="com.gioviok.AppTest" time="0.001"/>
  <testcase name="testBuildingGetters" classname="com.gioviok.AppTest" time="0"/>
  <testcase name="testRemovers" classname="com.gioviok.AppTest" time="0"/>
  <testcase name="testElevatorBoard" classname="com.gioviok.AppTest" time="0.001"/>
  <testcase name="testPersonConstructors" classname="com.gioviok.AppTest" time="0"/>
  <testcase name="testKeyClone" classname="com.gioviok.AppTest" time="0"/>
  <testcase name="testElevatorRequestHere" classname="com.gioviok.AppTest" time="0.001"/>
  <testcase name="testBuildingSetters" classname="com.gioviok.AppTest" time="0"/>
  <testcase name="testElevatorGetters" classname="com.gioviok.AppTest" time="0"/>
  <testcase name="testPersonElevatorInteractions" classname="com.gioviok.AppTest" time="0.001"/>
  <testcase name="testElevatorConstructors" classname="com.gioviok.AppTest" time="0"/>
  <testcase name="testFloorSetters" classname="com.gioviok.AppTest" time="0.001"/>
  <testcase name="testPersonCatalogMethods" classname="com.gioviok.AppTest" time="0.001"/>
  <testcase name="testFloorClone" classname="com.gioviok.AppTest" time="0"/>
</testsuite>